<?xml version="1.0" encoding="UTF-8"?>
<!-- Generated by org.testng.reporters.JUnitXMLReporter -->
<testsuite hostname="DESKTOP-B62CJPR" ignored="0" name="EmployeesRestAPITest" tests="7" failures="0" timestamp="04 Jun 2019 19:59:49 GMT" time="242.657" errors="0">
  <testcase name="contactsHeader" time="0.2" classname="com.freecrm.qa.tests.ContactsPageTest"/>
  <testcase name="emailHeader" time="7.448" classname="com.freecrm.qa.tests.ContactsPageTest"/>
  <testcase name="validateUsername" time="4.533" classname="com.freecrm.qa.tests.HomePageTest"/>
  <testcase name="ValidatePageTitle" time="0.02" classname="com.freecrm.qa.tests.LoginPageTest"/>
  <testcase name="validatePageTitle" time="0.032" classname="com.freecrm.qa.tests.HomePageTest"/>
  <testcase name="login" time="1.438" classname="com.freecrm.qa.tests.LoginPageTest"/>
  <testcase name="validateLogo" time="2.645" classname="com.freecrm.qa.tests.HomePageTest"/>
</testsuite> <!-- EmployeesRestAPITest -->
