<?xml version="1.0" encoding="UTF-8"?>
<!-- Generated by org.testng.reporters.JUnitXMLReporter -->
<testsuite hostname="DESKTOP-B62CJPR" ignored="0" name="Free Crm" tests="5" failures="0" timestamp="10 May 2019 21:01:00 GMT" time="58.794" errors="0">
  <testcase name="validateUsername" time="1.279" classname="com.freecrm.qa.tests.HomePageTest"/>
  <testcase name="ValidatePageTitle" time="0.022" classname="com.freecrm.qa.tests.LoginPageTest"/>
  <testcase name="validatePageTitle" time="0.028" classname="com.freecrm.qa.tests.HomePageTest"/>
  <testcase name="login" time="0.825" classname="com.freecrm.qa.tests.LoginPageTest"/>
  <testcase name="validateLogo" time="1.639" classname="com.freecrm.qa.tests.HomePageTest"/>
</testsuite> <!-- Free Crm -->
